State 49 conflicts: 1 shift/reduce
State 51 conflicts: 1 shift/reduce
State 52 conflicts: 1 shift/reduce
State 73 conflicts: 1 shift/reduce
State 80 conflicts: 1 shift/reduce


Grammar

    0 $accept: Tiny $end

    1 Tiny: PROGRAM Name ':' Dclns Body Name '.'

    2 Dclns: VAR Dclns_1
    3      | /* empty */

    4 Dclns_1: /* empty */
    5        | Dcln ';' Dclns_1

    6 Dcln: Dcln_1

    7 Dcln_1: Name ':' Type
    8       | Name ',' Dcln_1

    9 Type: INTEGER
   10     | BOOLEAN

   11 Body: BEGINX Body_1

   12 Body_1: Statement END
   13       | Statement ';' Body_1

   14 Statement: Name ASSIGNMENT Expression
   15          | OUTPUT '(' Expression ')'
   16          | IF Expression THEN Statement Statement_1
   17          | WHILE Expression DO Statement
   18          | Body
   19          | /* empty */

   20 Statement_1: /* empty */
   21            | ELSE Statement

   22 Expression: Term
   23           | Term GT Term
   24           | Term LT Term
   25           | Term GTE Term
   26           | Term NE Term
   27           | Term EQ Term
   28           | Term LTE Term

   29 Term: Primary
   30     | Primary '+' Term
   31     | Primary '-' Term
   32     | Primary OR Term
   33     | Primary MOD Term
   34     | Primary AND Term
   35     | Primary '*' Term
   36     | Primary '/' Term

   37 Primary: NOT Primary
   38        | '+' Primary
   39        | '-' Primary
   40        | Primary POW Primary
   41        | READ
   42        | Name
   43        | TRUE
   44        | FALSE
   45        | INTEGER_NUM
   46        | '(' Expression ')'

   47 Name: IDENTIFIER


Terminals, with rules where they appear

$end (0) 0
'(' (40) 15 46
')' (41) 15 46
'*' (42) 35
'+' (43) 30 38
',' (44) 8
'-' (45) 31 39
'.' (46) 1
'/' (47) 36
':' (58) 1 7
';' (59) 5 13
error (256)
END (258) 12
FALSE (259) 44
VAR (260) 2
IDENTIFIER (261) 47
POW (262) 40
IF (263) 16
READ (264) 41
ELSE (265) 21
THEN (266) 16
NE (267) 26
MOD (268) 33
GT (269) 23
EQ (270) 27
WHILE (271) 17
OUTPUT (272) 15
GTE (273) 25
NOT (274) 37
DO (275) 17
BEGINX (276) 11
BOOLEAN (277) 10
INTEGER_NUM (278) 45
TRUE (279) 43
AND (280) 34
INTEGER (281) 9
LTE (282) 28
OR (283) 32
LT (284) 24
ASSIGNMENT (285) 14
PROGRAM (286) 1


Nonterminals, with rules where they appear

$accept (42)
    on left: 0
Tiny (43)
    on left: 1, on right: 0
Dclns (44)
    on left: 2 3, on right: 1
Dclns_1 (45)
    on left: 4 5, on right: 2 5
Dcln (46)
    on left: 6, on right: 5
Dcln_1 (47)
    on left: 7 8, on right: 6 8
Type (48)
    on left: 9 10, on right: 7
Body (49)
    on left: 11, on right: 1 18
Body_1 (50)
    on left: 12 13, on right: 11 13
Statement (51)
    on left: 14 15 16 17 18 19, on right: 12 13 16 17 21
Statement_1 (52)
    on left: 20 21, on right: 16
Expression (53)
    on left: 22 23 24 25 26 27 28, on right: 14 15 16 17 46
Term (54)
    on left: 29 30 31 32 33 34 35 36, on right: 22 23 24 25 26 27 28
    30 31 32 33 34 35 36
Primary (55)
    on left: 37 38 39 40 41 42 43 44 45 46, on right: 29 30 31 32 33
    34 35 36 37 38 39 40
Name (56)
    on left: 47, on right: 1 7 8 14 42


state 0

    0 $accept: . Tiny $end

    PROGRAM  shift, and go to state 1

    Tiny  go to state 2


state 1

    1 Tiny: PROGRAM . Name ':' Dclns Body Name '.'

    IDENTIFIER  shift, and go to state 3

    Name  go to state 4


state 2

    0 $accept: Tiny . $end

    $end  shift, and go to state 5


state 3

   47 Name: IDENTIFIER .

    $default  reduce using rule 47 (Name)


state 4

    1 Tiny: PROGRAM Name . ':' Dclns Body Name '.'

    ':'  shift, and go to state 6


state 5

    0 $accept: Tiny $end .

    $default  accept


state 6

    1 Tiny: PROGRAM Name ':' . Dclns Body Name '.'

    VAR  shift, and go to state 7

    $default  reduce using rule 3 (Dclns)

    Dclns  go to state 8


state 7

    2 Dclns: VAR . Dclns_1

    IDENTIFIER  shift, and go to state 3

    $default  reduce using rule 4 (Dclns_1)

    Dclns_1  go to state 9
    Dcln     go to state 10
    Dcln_1   go to state 11
    Name     go to state 12


state 8

    1 Tiny: PROGRAM Name ':' Dclns . Body Name '.'

    BEGINX  shift, and go to state 13

    Body  go to state 14


state 9

    2 Dclns: VAR Dclns_1 .

    $default  reduce using rule 2 (Dclns)


state 10

    5 Dclns_1: Dcln . ';' Dclns_1

    ';'  shift, and go to state 15


state 11

    6 Dcln: Dcln_1 .

    $default  reduce using rule 6 (Dcln)


state 12

    7 Dcln_1: Name . ':' Type
    8       | Name . ',' Dcln_1

    ':'  shift, and go to state 16
    ','  shift, and go to state 17


state 13

   11 Body: BEGINX . Body_1

    IDENTIFIER  shift, and go to state 3
    IF          shift, and go to state 18
    WHILE       shift, and go to state 19
    OUTPUT      shift, and go to state 20
    BEGINX      shift, and go to state 13

    $default  reduce using rule 19 (Statement)

    Body       go to state 21
    Body_1     go to state 22
    Statement  go to state 23
    Name       go to state 24


state 14

    1 Tiny: PROGRAM Name ':' Dclns Body . Name '.'

    IDENTIFIER  shift, and go to state 3

    Name  go to state 25


state 15

    5 Dclns_1: Dcln ';' . Dclns_1

    IDENTIFIER  shift, and go to state 3

    $default  reduce using rule 4 (Dclns_1)

    Dclns_1  go to state 26
    Dcln     go to state 10
    Dcln_1   go to state 11
    Name     go to state 12


state 16

    7 Dcln_1: Name ':' . Type

    BOOLEAN  shift, and go to state 27
    INTEGER  shift, and go to state 28

    Type  go to state 29


state 17

    8 Dcln_1: Name ',' . Dcln_1

    IDENTIFIER  shift, and go to state 3

    Dcln_1  go to state 30
    Name    go to state 12


state 18

   16 Statement: IF . Expression THEN Statement Statement_1

    FALSE        shift, and go to state 31
    IDENTIFIER   shift, and go to state 3
    READ         shift, and go to state 32
    NOT          shift, and go to state 33
    INTEGER_NUM  shift, and go to state 34
    TRUE         shift, and go to state 35
    '('          shift, and go to state 36
    '+'          shift, and go to state 37
    '-'          shift, and go to state 38

    Expression  go to state 39
    Term        go to state 40
    Primary     go to state 41
    Name        go to state 42


state 19

   17 Statement: WHILE . Expression DO Statement

    FALSE        shift, and go to state 31
    IDENTIFIER   shift, and go to state 3
    READ         shift, and go to state 32
    NOT          shift, and go to state 33
    INTEGER_NUM  shift, and go to state 34
    TRUE         shift, and go to state 35
    '('          shift, and go to state 36
    '+'          shift, and go to state 37
    '-'          shift, and go to state 38

    Expression  go to state 43
    Term        go to state 40
    Primary     go to state 41
    Name        go to state 42


state 20

   15 Statement: OUTPUT . '(' Expression ')'

    '('  shift, and go to state 44


state 21

   18 Statement: Body .

    $default  reduce using rule 18 (Statement)


state 22

   11 Body: BEGINX Body_1 .

    $default  reduce using rule 11 (Body)


state 23

   12 Body_1: Statement . END
   13       | Statement . ';' Body_1

    END  shift, and go to state 45
    ';'  shift, and go to state 46


state 24

   14 Statement: Name . ASSIGNMENT Expression

    ASSIGNMENT  shift, and go to state 47


state 25

    1 Tiny: PROGRAM Name ':' Dclns Body Name . '.'

    '.'  shift, and go to state 48


state 26

    5 Dclns_1: Dcln ';' Dclns_1 .

    $default  reduce using rule 5 (Dclns_1)


state 27

   10 Type: BOOLEAN .

    $default  reduce using rule 10 (Type)


state 28

    9 Type: INTEGER .

    $default  reduce using rule 9 (Type)


state 29

    7 Dcln_1: Name ':' Type .

    $default  reduce using rule 7 (Dcln_1)


state 30

    8 Dcln_1: Name ',' Dcln_1 .

    $default  reduce using rule 8 (Dcln_1)


state 31

   44 Primary: FALSE .

    $default  reduce using rule 44 (Primary)


state 32

   41 Primary: READ .

    $default  reduce using rule 41 (Primary)


state 33

   37 Primary: NOT . Primary

    FALSE        shift, and go to state 31
    IDENTIFIER   shift, and go to state 3
    READ         shift, and go to state 32
    NOT          shift, and go to state 33
    INTEGER_NUM  shift, and go to state 34
    TRUE         shift, and go to state 35
    '('          shift, and go to state 36
    '+'          shift, and go to state 37
    '-'          shift, and go to state 38

    Primary  go to state 49
    Name     go to state 42


state 34

   45 Primary: INTEGER_NUM .

    $default  reduce using rule 45 (Primary)


state 35

   43 Primary: TRUE .

    $default  reduce using rule 43 (Primary)


state 36

   46 Primary: '(' . Expression ')'

    FALSE        shift, and go to state 31
    IDENTIFIER   shift, and go to state 3
    READ         shift, and go to state 32
    NOT          shift, and go to state 33
    INTEGER_NUM  shift, and go to state 34
    TRUE         shift, and go to state 35
    '('          shift, and go to state 36
    '+'          shift, and go to state 37
    '-'          shift, and go to state 38

    Expression  go to state 50
    Term        go to state 40
    Primary     go to state 41
    Name        go to state 42


state 37

   38 Primary: '+' . Primary

    FALSE        shift, and go to state 31
    IDENTIFIER   shift, and go to state 3
    READ         shift, and go to state 32
    NOT          shift, and go to state 33
    INTEGER_NUM  shift, and go to state 34
    TRUE         shift, and go to state 35
    '('          shift, and go to state 36
    '+'          shift, and go to state 37
    '-'          shift, and go to state 38

    Primary  go to state 51
    Name     go to state 42


state 38

   39 Primary: '-' . Primary

    FALSE        shift, and go to state 31
    IDENTIFIER   shift, and go to state 3
    READ         shift, and go to state 32
    NOT          shift, and go to state 33
    INTEGER_NUM  shift, and go to state 34
    TRUE         shift, and go to state 35
    '('          shift, and go to state 36
    '+'          shift, and go to state 37
    '-'          shift, and go to state 38

    Primary  go to state 52
    Name     go to state 42


state 39

   16 Statement: IF Expression . THEN Statement Statement_1

    THEN  shift, and go to state 53


state 40

   22 Expression: Term .
   23           | Term . GT Term
   24           | Term . LT Term
   25           | Term . GTE Term
   26           | Term . NE Term
   27           | Term . EQ Term
   28           | Term . LTE Term

    NE   shift, and go to state 54
    GT   shift, and go to state 55
    EQ   shift, and go to state 56
    GTE  shift, and go to state 57
    LTE  shift, and go to state 58
    LT   shift, and go to state 59

    $default  reduce using rule 22 (Expression)


state 41

   29 Term: Primary .
   30     | Primary . '+' Term
   31     | Primary . '-' Term
   32     | Primary . OR Term
   33     | Primary . MOD Term
   34     | Primary . AND Term
   35     | Primary . '*' Term
   36     | Primary . '/' Term
   40 Primary: Primary . POW Primary

    POW  shift, and go to state 60
    MOD  shift, and go to state 61
    AND  shift, and go to state 62
    OR   shift, and go to state 63
    '+'  shift, and go to state 64
    '-'  shift, and go to state 65
    '*'  shift, and go to state 66
    '/'  shift, and go to state 67

    $default  reduce using rule 29 (Term)


state 42

   42 Primary: Name .

    $default  reduce using rule 42 (Primary)


state 43

   17 Statement: WHILE Expression . DO Statement

    DO  shift, and go to state 68


state 44

   15 Statement: OUTPUT '(' . Expression ')'

    FALSE        shift, and go to state 31
    IDENTIFIER   shift, and go to state 3
    READ         shift, and go to state 32
    NOT          shift, and go to state 33
    INTEGER_NUM  shift, and go to state 34
    TRUE         shift, and go to state 35
    '('          shift, and go to state 36
    '+'          shift, and go to state 37
    '-'          shift, and go to state 38

    Expression  go to state 69
    Term        go to state 40
    Primary     go to state 41
    Name        go to state 42


state 45

   12 Body_1: Statement END .

    $default  reduce using rule 12 (Body_1)


state 46

   13 Body_1: Statement ';' . Body_1

    IDENTIFIER  shift, and go to state 3
    IF          shift, and go to state 18
    WHILE       shift, and go to state 19
    OUTPUT      shift, and go to state 20
    BEGINX      shift, and go to state 13

    $default  reduce using rule 19 (Statement)

    Body       go to state 21
    Body_1     go to state 70
    Statement  go to state 23
    Name       go to state 24


state 47

   14 Statement: Name ASSIGNMENT . Expression

    FALSE        shift, and go to state 31
    IDENTIFIER   shift, and go to state 3
    READ         shift, and go to state 32
    NOT          shift, and go to state 33
    INTEGER_NUM  shift, and go to state 34
    TRUE         shift, and go to state 35
    '('          shift, and go to state 36
    '+'          shift, and go to state 37
    '-'          shift, and go to state 38

    Expression  go to state 71
    Term        go to state 40
    Primary     go to state 41
    Name        go to state 42


state 48

    1 Tiny: PROGRAM Name ':' Dclns Body Name '.' .

    $default  reduce using rule 1 (Tiny)


state 49

   37 Primary: NOT Primary .
   40        | Primary . POW Primary

    POW  shift, and go to state 60

    POW       [reduce using rule 37 (Primary)]
    $default  reduce using rule 37 (Primary)


state 50

   46 Primary: '(' Expression . ')'

    ')'  shift, and go to state 72


state 51

   38 Primary: '+' Primary .
   40        | Primary . POW Primary

    POW  shift, and go to state 60

    POW       [reduce using rule 38 (Primary)]
    $default  reduce using rule 38 (Primary)


state 52

   39 Primary: '-' Primary .
   40        | Primary . POW Primary

    POW  shift, and go to state 60

    POW       [reduce using rule 39 (Primary)]
    $default  reduce using rule 39 (Primary)


state 53

   16 Statement: IF Expression THEN . Statement Statement_1

    IDENTIFIER  shift, and go to state 3
    IF          shift, and go to state 18
    WHILE       shift, and go to state 19
    OUTPUT      shift, and go to state 20
    BEGINX      shift, and go to state 13

    $default  reduce using rule 19 (Statement)

    Body       go to state 21
    Statement  go to state 73
    Name       go to state 24


state 54

   26 Expression: Term NE . Term

    FALSE        shift, and go to state 31
    IDENTIFIER   shift, and go to state 3
    READ         shift, and go to state 32
    NOT          shift, and go to state 33
    INTEGER_NUM  shift, and go to state 34
    TRUE         shift, and go to state 35
    '('          shift, and go to state 36
    '+'          shift, and go to state 37
    '-'          shift, and go to state 38

    Term     go to state 74
    Primary  go to state 41
    Name     go to state 42


state 55

   23 Expression: Term GT . Term

    FALSE        shift, and go to state 31
    IDENTIFIER   shift, and go to state 3
    READ         shift, and go to state 32
    NOT          shift, and go to state 33
    INTEGER_NUM  shift, and go to state 34
    TRUE         shift, and go to state 35
    '('          shift, and go to state 36
    '+'          shift, and go to state 37
    '-'          shift, and go to state 38

    Term     go to state 75
    Primary  go to state 41
    Name     go to state 42


state 56

   27 Expression: Term EQ . Term

    FALSE        shift, and go to state 31
    IDENTIFIER   shift, and go to state 3
    READ         shift, and go to state 32
    NOT          shift, and go to state 33
    INTEGER_NUM  shift, and go to state 34
    TRUE         shift, and go to state 35
    '('          shift, and go to state 36
    '+'          shift, and go to state 37
    '-'          shift, and go to state 38

    Term     go to state 76
    Primary  go to state 41
    Name     go to state 42


state 57

   25 Expression: Term GTE . Term

    FALSE        shift, and go to state 31
    IDENTIFIER   shift, and go to state 3
    READ         shift, and go to state 32
    NOT          shift, and go to state 33
    INTEGER_NUM  shift, and go to state 34
    TRUE         shift, and go to state 35
    '('          shift, and go to state 36
    '+'          shift, and go to state 37
    '-'          shift, and go to state 38

    Term     go to state 77
    Primary  go to state 41
    Name     go to state 42


state 58

   28 Expression: Term LTE . Term

    FALSE        shift, and go to state 31
    IDENTIFIER   shift, and go to state 3
    READ         shift, and go to state 32
    NOT          shift, and go to state 33
    INTEGER_NUM  shift, and go to state 34
    TRUE         shift, and go to state 35
    '('          shift, and go to state 36
    '+'          shift, and go to state 37
    '-'          shift, and go to state 38

    Term     go to state 78
    Primary  go to state 41
    Name     go to state 42


state 59

   24 Expression: Term LT . Term

    FALSE        shift, and go to state 31
    IDENTIFIER   shift, and go to state 3
    READ         shift, and go to state 32
    NOT          shift, and go to state 33
    INTEGER_NUM  shift, and go to state 34
    TRUE         shift, and go to state 35
    '('          shift, and go to state 36
    '+'          shift, and go to state 37
    '-'          shift, and go to state 38

    Term     go to state 79
    Primary  go to state 41
    Name     go to state 42


state 60

   40 Primary: Primary POW . Primary

    FALSE        shift, and go to state 31
    IDENTIFIER   shift, and go to state 3
    READ         shift, and go to state 32
    NOT          shift, and go to state 33
    INTEGER_NUM  shift, and go to state 34
    TRUE         shift, and go to state 35
    '('          shift, and go to state 36
    '+'          shift, and go to state 37
    '-'          shift, and go to state 38

    Primary  go to state 80
    Name     go to state 42


state 61

   33 Term: Primary MOD . Term

    FALSE        shift, and go to state 31
    IDENTIFIER   shift, and go to state 3
    READ         shift, and go to state 32
    NOT          shift, and go to state 33
    INTEGER_NUM  shift, and go to state 34
    TRUE         shift, and go to state 35
    '('          shift, and go to state 36
    '+'          shift, and go to state 37
    '-'          shift, and go to state 38

    Term     go to state 81
    Primary  go to state 41
    Name     go to state 42


state 62

   34 Term: Primary AND . Term

    FALSE        shift, and go to state 31
    IDENTIFIER   shift, and go to state 3
    READ         shift, and go to state 32
    NOT          shift, and go to state 33
    INTEGER_NUM  shift, and go to state 34
    TRUE         shift, and go to state 35
    '('          shift, and go to state 36
    '+'          shift, and go to state 37
    '-'          shift, and go to state 38

    Term     go to state 82
    Primary  go to state 41
    Name     go to state 42


state 63

   32 Term: Primary OR . Term

    FALSE        shift, and go to state 31
    IDENTIFIER   shift, and go to state 3
    READ         shift, and go to state 32
    NOT          shift, and go to state 33
    INTEGER_NUM  shift, and go to state 34
    TRUE         shift, and go to state 35
    '('          shift, and go to state 36
    '+'          shift, and go to state 37
    '-'          shift, and go to state 38

    Term     go to state 83
    Primary  go to state 41
    Name     go to state 42


state 64

   30 Term: Primary '+' . Term

    FALSE        shift, and go to state 31
    IDENTIFIER   shift, and go to state 3
    READ         shift, and go to state 32
    NOT          shift, and go to state 33
    INTEGER_NUM  shift, and go to state 34
    TRUE         shift, and go to state 35
    '('          shift, and go to state 36
    '+'          shift, and go to state 37
    '-'          shift, and go to state 38

    Term     go to state 84
    Primary  go to state 41
    Name     go to state 42


state 65

   31 Term: Primary '-' . Term

    FALSE        shift, and go to state 31
    IDENTIFIER   shift, and go to state 3
    READ         shift, and go to state 32
    NOT          shift, and go to state 33
    INTEGER_NUM  shift, and go to state 34
    TRUE         shift, and go to state 35
    '('          shift, and go to state 36
    '+'          shift, and go to state 37
    '-'          shift, and go to state 38

    Term     go to state 85
    Primary  go to state 41
    Name     go to state 42


state 66

   35 Term: Primary '*' . Term

    FALSE        shift, and go to state 31
    IDENTIFIER   shift, and go to state 3
    READ         shift, and go to state 32
    NOT          shift, and go to state 33
    INTEGER_NUM  shift, and go to state 34
    TRUE         shift, and go to state 35
    '('          shift, and go to state 36
    '+'          shift, and go to state 37
    '-'          shift, and go to state 38

    Term     go to state 86
    Primary  go to state 41
    Name     go to state 42


state 67

   36 Term: Primary '/' . Term

    FALSE        shift, and go to state 31
    IDENTIFIER   shift, and go to state 3
    READ         shift, and go to state 32
    NOT          shift, and go to state 33
    INTEGER_NUM  shift, and go to state 34
    TRUE         shift, and go to state 35
    '('          shift, and go to state 36
    '+'          shift, and go to state 37
    '-'          shift, and go to state 38

    Term     go to state 87
    Primary  go to state 41
    Name     go to state 42


state 68

   17 Statement: WHILE Expression DO . Statement

    IDENTIFIER  shift, and go to state 3
    IF          shift, and go to state 18
    WHILE       shift, and go to state 19
    OUTPUT      shift, and go to state 20
    BEGINX      shift, and go to state 13

    $default  reduce using rule 19 (Statement)

    Body       go to state 21
    Statement  go to state 88
    Name       go to state 24


state 69

   15 Statement: OUTPUT '(' Expression . ')'

    ')'  shift, and go to state 89


state 70

   13 Body_1: Statement ';' Body_1 .

    $default  reduce using rule 13 (Body_1)


state 71

   14 Statement: Name ASSIGNMENT Expression .

    $default  reduce using rule 14 (Statement)


state 72

   46 Primary: '(' Expression ')' .

    $default  reduce using rule 46 (Primary)


state 73

   16 Statement: IF Expression THEN Statement . Statement_1

    ELSE  shift, and go to state 90

    ELSE      [reduce using rule 20 (Statement_1)]
    $default  reduce using rule 20 (Statement_1)

    Statement_1  go to state 91


state 74

   26 Expression: Term NE Term .

    $default  reduce using rule 26 (Expression)


state 75

   23 Expression: Term GT Term .

    $default  reduce using rule 23 (Expression)


state 76

   27 Expression: Term EQ Term .

    $default  reduce using rule 27 (Expression)


state 77

   25 Expression: Term GTE Term .

    $default  reduce using rule 25 (Expression)


state 78

   28 Expression: Term LTE Term .

    $default  reduce using rule 28 (Expression)


state 79

   24 Expression: Term LT Term .

    $default  reduce using rule 24 (Expression)


state 80

   40 Primary: Primary . POW Primary
   40        | Primary POW Primary .

    POW  shift, and go to state 60

    POW       [reduce using rule 40 (Primary)]
    $default  reduce using rule 40 (Primary)


state 81

   33 Term: Primary MOD Term .

    $default  reduce using rule 33 (Term)


state 82

   34 Term: Primary AND Term .

    $default  reduce using rule 34 (Term)


state 83

   32 Term: Primary OR Term .

    $default  reduce using rule 32 (Term)


state 84

   30 Term: Primary '+' Term .

    $default  reduce using rule 30 (Term)


state 85

   31 Term: Primary '-' Term .

    $default  reduce using rule 31 (Term)


state 86

   35 Term: Primary '*' Term .

    $default  reduce using rule 35 (Term)


state 87

   36 Term: Primary '/' Term .

    $default  reduce using rule 36 (Term)


state 88

   17 Statement: WHILE Expression DO Statement .

    $default  reduce using rule 17 (Statement)


state 89

   15 Statement: OUTPUT '(' Expression ')' .

    $default  reduce using rule 15 (Statement)


state 90

   21 Statement_1: ELSE . Statement

    IDENTIFIER  shift, and go to state 3
    IF          shift, and go to state 18
    WHILE       shift, and go to state 19
    OUTPUT      shift, and go to state 20
    BEGINX      shift, and go to state 13

    $default  reduce using rule 19 (Statement)

    Body       go to state 21
    Statement  go to state 92
    Name       go to state 24


state 91

   16 Statement: IF Expression THEN Statement Statement_1 .

    $default  reduce using rule 16 (Statement)


state 92

   21 Statement_1: ELSE Statement .

    $default  reduce using rule 21 (Statement_1)
